{"level":"info","msg":"Application is running on development mode","time":"2026-02-27T09:10:51+07:00"}
{"level":"info","msg":"[PGSQL CONN][Migrate] Auto Migrating Tables","time":"2026-02-27T09:10:51+07:00"}
{"level":"info","msg":"Application is running on development mode","time":"2026-02-27T09:13:17+07:00"}
{"level":"info","msg":"[PGSQL CONN][Migrate] Auto Migrating Tables","time":"2026-02-27T09:13:17+07:00"}
{"level":"info","msg":"Application is running on development mode","time":"2026-02-27T09:17:10+07:00"}
{"level":"info","msg":"[PGSQL CONN][Migrate] Auto Migrating Tables","time":"2026-02-27T09:17:10+07:00"}
{"error":"token has invalid claims: token is expired","level":"warning","msg":"[JWT][ValidateToken] failed to validate token","time":"2026-02-27T09:23:23+07:00"}
{"error":"token has invalid claims: token is expired","level":"warning","msg":"[MIDDLEWARE][Authentication] failed to validate token","time":"2026-02-27T09:23:23+07:00"}
{"level":"info","msg":"Application is running on development mode","time":"2026-02-27T09:33:26+07:00"}
{"level":"info","msg":"[PGSQL CONN][Migrate] Auto Migrating Tables","time":"2026-02-27T09:33:26+07:00"}
{"level":"info","msg":"Application is running on development mode","time":"2026-02-27T09:42:54+07:00"}
{"level":"info","msg":"[PGSQL CONN][Migrate] Auto Migrating Tables","time":"2026-02-27T09:42:54+07:00"}
{"level":"info","msg":"Application is running on development mode","time":"2026-02-27T09:43:00+07:00"}
{"level":"info","msg":"[PGSQL CONN][Migrate] Auto Migrating Tables","time":"2026-02-27T09:43:00+07:00"}
{"level":"info","msg":"Application is running on development mode","time":"2026-02-27T09:43:08+07:00"}
{"level":"info","msg":"[PGSQL CONN][Migrate] Auto Migrating Tables","time":"2026-02-27T09:43:08+07:00"}
{"level":"info","msg":"Application is running on development mode","time":"2026-02-27T09:43:14+07:00"}
{"level":"info","msg":"[PGSQL CONN][Migrate] Auto Migrating Tables","time":"2026-02-27T09:43:14+07:00"}
{"error":"violates foreign key constraint","level":"warning","msg":"[EVENT REPOSITORY][DeleteEvent] failed to delete event","time":"2026-02-27T09:45:09+07:00"}
{"error":"violates foreign key constraint","level":"warning","msg":"[EVENT REPOSITORY][DeleteEvent] failed to delete event","time":"2026-02-27T09:45:29+07:00"}
{"level":"info","msg":"Application is running on development mode","time":"2026-02-27T09:57:25+07:00"}
{"level":"info","msg":"Application is running on development mode","time":"2026-02-27T09:57:30+07:00"}
{"level":"info","msg":"[PGSQL CONN][Migrate] Auto Migrating Tables","time":"2026-02-27T09:57:31+07:00"}
{"level":"info","msg":"Application is running on development mode","time":"2026-02-27T09:57:36+07:00"}
{"level":"info","msg":"[PGSQL CONN][Migrate] Auto Migrating Tables","time":"2026-02-27T09:57:36+07:00"}
{"level":"info","msg":"Application is running on development mode","time":"2026-02-27T10:00:21+07:00"}
{"level":"info","msg":"Application is running on development mode","time":"2026-02-27T10:00:21+07:00"}
{"level":"info","msg":"[PGSQL CONN][Migrate] Auto Migrating Tables","time":"2026-02-27T10:00:21+07:00"}
{"level":"info","msg":"Application is running on development mode","time":"2026-02-27T10:01:28+07:00"}
{"level":"info","msg":"[PGSQL CONN][Migrate] Auto Migrating Tables","time":"2026-02-27T10:01:28+07:00"}
{"level":"info","msg":"Application is running on development mode","time":"2026-02-27T10:01:39+07:00"}
{"level":"info","msg":"[PGSQL CONN][Migrate] Auto Migrating Tables","time":"2026-02-27T10:01:39+07:00"}
{"level":"info","msg":"Application is running on development mode","time":"2026-02-27T10:01:47+07:00"}
{"level":"info","msg":"[PGSQL CONN][Migrate] Auto Migrating Tables","time":"2026-02-27T10:01:47+07:00"}
{"level":"info","msg":"Application is running on development mode","time":"2026-02-27T10:01:51+07:00"}
{"level":"info","msg":"[PGSQL CONN][Migrate] Auto Migrating Tables","time":"2026-02-27T10:01:51+07:00"}
{"level":"info","msg":"Application is running on development mode","time":"2026-02-27T10:01:58+07:00"}
{"level":"info","msg":"[PGSQL CONN][Migrate] Auto Migrating Tables","time":"2026-02-27T10:01:58+07:00"}
{"level":"info","msg":"Application is running on development mode","time":"2026-02-27T10:02:03+07:00"}
{"level":"info","msg":"[PGSQL CONN][Migrate] Auto Migrating Tables","time":"2026-02-27T10:02:03+07:00"}
{"level":"info","msg":"Application is running on development mode","time":"2026-02-27T10:02:07+07:00"}
{"level":"info","msg":"[PGSQL CONN][Migrate] Auto Migrating Tables","time":"2026-02-27T10:02:07+07:00"}
{"level":"info","msg":"Application is running on development mode","time":"2026-02-27T10:02:11+07:00"}
{"level":"info","msg":"[PGSQL CONN][Migrate] Auto Migrating Tables","time":"2026-02-27T10:02:11+07:00"}
{"level":"info","msg":"Application is running on development mode","time":"2026-02-27T10:02:15+07:00"}
{"level":"info","msg":"[PGSQL CONN][Migrate] Auto Migrating Tables","time":"2026-02-27T10:02:15+07:00"}
{"level":"info","msg":"Application is running on development mode","time":"2026-02-27T10:02:20+07:00"}
{"level":"info","msg":"[PGSQL CONN][Migrate] Auto Migrating Tables","time":"2026-02-27T10:02:20+07:00"}
{"level":"info","msg":"Application is running on development mode","time":"2026-02-27T10:02:22+07:00"}
{"level":"info","msg":"[PGSQL CONN][Migrate] Auto Migrating Tables","time":"2026-02-27T10:02:22+07:00"}
{"level":"info","msg":"Application is running on development mode","time":"2026-02-27T10:02:27+07:00"}
{"level":"info","msg":"[PGSQL CONN][Migrate] Auto Migrating Tables","time":"2026-02-27T10:02:27+07:00"}
{"level":"info","msg":"Application is running on development mode","time":"2026-02-27T10:02:57+07:00"}
{"level":"info","msg":"[PGSQL CONN][Migrate] Auto Migrating Tables","time":"2026-02-27T10:02:57+07:00"}
{"level":"info","msg":"Application is running on development mode","time":"2026-02-27T10:03:07+07:00"}
{"level":"info","msg":"[PGSQL CONN][Migrate] Auto Migrating Tables","time":"2026-02-27T10:03:07+07:00"}
{"level":"info","msg":"Application is running on development mode","time":"2026-02-27T10:03:09+07:00"}
{"level":"info","msg":"[PGSQL CONN][Migrate] Auto Migrating Tables","time":"2026-02-27T10:03:10+07:00"}
{"level":"info","msg":"Application is running on development mode","time":"2026-02-27T10:03:16+07:00"}
{"level":"info","msg":"[PGSQL CONN][Migrate] Auto Migrating Tables","time":"2026-02-27T10:03:16+07:00"}
{"level":"info","msg":"Application is running on development mode","time":"2026-02-27T10:03:17+07:00"}
{"level":"info","msg":"[PGSQL CONN][Migrate] Auto Migrating Tables","time":"2026-02-27T10:03:17+07:00"}
{"level":"info","msg":"Application is running on development mode","time":"2026-02-27T10:03:21+07:00"}
{"level":"info","msg":"[PGSQL CONN][Migrate] Auto Migrating Tables","time":"2026-02-27T10:03:21+07:00"}
{"level":"info","msg":"Application is running on development mode","time":"2026-02-27T10:03:22+07:00"}
{"level":"info","msg":"[PGSQL CONN][Migrate] Auto Migrating Tables","time":"2026-02-27T10:03:22+07:00"}
{"level":"info","msg":"Application is running on development mode","time":"2026-02-27T10:03:31+07:00"}
{"level":"info","msg":"[PGSQL CONN][Migrate] Auto Migrating Tables","time":"2026-02-27T10:03:31+07:00"}
{"level":"info","msg":"Application is running on development mode","time":"2026-02-27T10:03:32+07:00"}
{"level":"info","msg":"[PGSQL CONN][Migrate] Auto Migrating Tables","time":"2026-02-27T10:03:32+07:00"}
{"level":"info","msg":"Application is running on development mode","time":"2026-02-27T10:03:40+07:00"}
{"level":"info","msg":"[PGSQL CONN][Migrate] Auto Migrating Tables","time":"2026-02-27T10:03:40+07:00"}
{"level":"info","msg":"Application is running on development mode","time":"2026-02-27T10:03:44+07:00"}
{"level":"info","msg":"[PGSQL CONN][Migrate] Auto Migrating Tables","time":"2026-02-27T10:03:44+07:00"}
{"level":"info","msg":"Application is running on development mode","time":"2026-02-27T10:05:16+07:00"}
{"level":"info","msg":"[PGSQL CONN][Migrate] Auto Migrating Tables","time":"2026-02-27T10:05:16+07:00"}
{"level":"info","msg":"Application is running on development mode","time":"2026-02-27T10:05:18+07:00"}
{"level":"info","msg":"[PGSQL CONN][Migrate] Auto Migrating Tables","time":"2026-02-27T10:05:18+07:00"}
{"level":"info","msg":"Application is running on development mode","time":"2026-02-27T10:05:18+07:00"}
{"level":"info","msg":"[PGSQL CONN][Migrate] Auto Migrating Tables","time":"2026-02-27T10:05:18+07:00"}
{"level":"info","msg":"Application is running on development mode","time":"2026-02-27T10:05:20+07:00"}
{"level":"info","msg":"[PGSQL CONN][Migrate] Auto Migrating Tables","time":"2026-02-27T10:05:20+07:00"}
{"level":"info","msg":"Application is running on development mode","time":"2026-02-27T10:05:25+07:00"}
{"level":"info","msg":"[PGSQL CONN][Migrate] Auto Migrating Tables","time":"2026-02-27T10:05:25+07:00"}
{"level":"info","msg":"Application is running on development mode","time":"2026-02-27T10:05:39+07:00"}
{"level":"info","msg":"[PGSQL CONN][Migrate] Auto Migrating Tables","time":"2026-02-27T10:05:39+07:00"}
{"level":"info","msg":"Application is running on development mode","time":"2026-02-27T10:05:41+07:00"}
{"level":"info","msg":"[PGSQL CONN][Migrate] Auto Migrating Tables","time":"2026-02-27T10:05:41+07:00"}
{"level":"info","msg":"Application is running on development mode","time":"2026-02-27T10:05:51+07:00"}
{"level":"info","msg":"[PGSQL CONN][Migrate] Auto Migrating Tables","time":"2026-02-27T10:05:51+07:00"}
{"level":"info","msg":"Application is running on development mode","time":"2026-02-27T10:06:06+07:00"}
{"level":"info","msg":"[PGSQL CONN][Migrate] Auto Migrating Tables","time":"2026-02-27T10:06:06+07:00"}
{"level":"info","msg":"Application is running on development mode","time":"2026-02-27T10:06:09+07:00"}
{"level":"info","msg":"[PGSQL CONN][Migrate] Auto Migrating Tables","time":"2026-02-27T10:06:09+07:00"}
{"level":"info","msg":"Application is running on development mode","time":"2026-02-27T10:06:14+07:00"}
{"level":"info","msg":"[PGSQL CONN][Migrate] Auto Migrating Tables","time":"2026-02-27T10:06:14+07:00"}
{"level":"info","msg":"Application is running on development mode","time":"2026-02-27T10:06:16+07:00"}
{"level":"info","msg":"[PGSQL CONN][Migrate] Auto Migrating Tables","time":"2026-02-27T10:06:16+07:00"}
{"level":"info","msg":"Application is running on development mode","time":"2026-02-27T10:06:21+07:00"}
{"level":"info","msg":"[PGSQL CONN][Migrate] Auto Migrating Tables","time":"2026-02-27T10:06:21+07:00"}
{"level":"info","msg":"Application is running on development mode","time":"2026-02-27T10:08:27+07:00"}
{"level":"info","msg":"[PGSQL CONN][Migrate] Auto Migrating Tables","time":"2026-02-27T10:08:27+07:00"}
{"level":"info","msg":"Application is running on development mode","time":"2026-02-27T10:08:31+07:00"}
{"level":"info","msg":"[PGSQL CONN][Migrate] Auto Migrating Tables","time":"2026-02-27T10:08:31+07:00"}
{"level":"info","msg":"Application is running on development mode","time":"2026-02-27T10:08:36+07:00"}
{"level":"info","msg":"[PGSQL CONN][Migrate] Auto Migrating Tables","time":"2026-02-27T10:08:36+07:00"}
{"level":"info","msg":"Application is running on development mode","time":"2026-02-27T10:08:44+07:00"}
{"level":"info","msg":"[PGSQL CONN][Migrate] Auto Migrating Tables","time":"2026-02-27T10:08:44+07:00"}
{"level":"info","msg":"Application is running on development mode","time":"2026-02-27T10:09:07+07:00"}
{"level":"info","msg":"[PGSQL CONN][Migrate] Auto Migrating Tables","time":"2026-02-27T10:09:07+07:00"}
{"level":"info","msg":"Application is running on development mode","time":"2026-02-27T10:09:14+07:00"}
{"level":"info","msg":"[PGSQL CONN][Migrate] Auto Migrating Tables","time":"2026-02-27T10:09:14+07:00"}
{"level":"info","msg":"Application is running on development mode","time":"2026-02-27T10:09:21+07:00"}
{"level":"info","msg":"Application is running on development mode","time":"2026-02-27T10:09:21+07:00"}
{"level":"info","msg":"[PGSQL CONN][Migrate] Auto Migrating Tables","time":"2026-02-27T10:09:21+07:00"}
{"level":"info","msg":"Application is running on development mode","time":"2026-02-27T10:09:23+07:00"}
{"level":"info","msg":"[PGSQL CONN][Migrate] Auto Migrating Tables","time":"2026-02-27T10:09:23+07:00"}
{"level":"info","msg":"Application is running on development mode","time":"2026-02-27T10:09:31+07:00"}
{"level":"info","msg":"[PGSQL CONN][Migrate] Auto Migrating Tables","time":"2026-02-27T10:09:31+07:00"}
{"level":"info","msg":"Application is running on development mode","time":"2026-02-27T10:09:33+07:00"}
{"level":"info","msg":"[PGSQL CONN][Migrate] Auto Migrating Tables","time":"2026-02-27T10:09:33+07:00"}
{"level":"info","msg":"Application is running on development mode","time":"2026-02-27T10:09:36+07:00"}
{"level":"info","msg":"[PGSQL CONN][Migrate] Auto Migrating Tables","time":"2026-02-27T10:09:36+07:00"}
{"level":"info","msg":"Application is running on development mode","time":"2026-02-27T10:11:03+07:00"}
{"level":"info","msg":"[PGSQL CONN][Migrate] Auto Migrating Tables","time":"2026-02-27T10:11:03+07:00"}
{"level":"info","msg":"Application is running on development mode","time":"2026-02-27T10:11:11+07:00"}
{"level":"info","msg":"[PGSQL CONN][Migrate] Auto Migrating Tables","time":"2026-02-27T10:11:11+07:00"}
{"level":"info","msg":"Application is running on development mode","time":"2026-02-27T10:11:15+07:00"}
{"level":"info","msg":"[PGSQL CONN][Migrate] Auto Migrating Tables","time":"2026-02-27T10:11:15+07:00"}
{"level":"info","msg":"Application is running on development mode","time":"2026-02-27T10:11:33+07:00"}
{"level":"info","msg":"[PGSQL CONN][Migrate] Auto Migrating Tables","time":"2026-02-27T10:11:33+07:00"}
{"level":"info","msg":"Application is running on development mode","time":"2026-02-27T10:11:36+07:00"}
{"level":"info","msg":"[PGSQL CONN][Migrate] Auto Migrating Tables","time":"2026-02-27T10:11:36+07:00"}
{"level":"info","msg":"Application is running on development mode","time":"2026-02-27T10:11:38+07:00"}
{"level":"info","msg":"[PGSQL CONN][Migrate] Auto Migrating Tables","time":"2026-02-27T10:11:38+07:00"}
{"level":"info","msg":"Application is running on development mode","time":"2026-02-27T10:11:45+07:00"}
{"level":"info","msg":"[PGSQL CONN][Migrate] Auto Migrating Tables","time":"2026-02-27T10:11:45+07:00"}
{"level":"info","msg":"Application is running on development mode","time":"2026-02-27T10:11:57+07:00"}
{"level":"info","msg":"[PGSQL CONN][Migrate] Auto Migrating Tables","time":"2026-02-27T10:11:57+07:00"}
{"level":"info","msg":"Application is running on development mode","time":"2026-02-27T10:12:02+07:00"}
{"level":"info","msg":"[PGSQL CONN][Migrate] Auto Migrating Tables","time":"2026-02-27T10:12:02+07:00"}
{"level":"info","msg":"Application is running on development mode","time":"2026-02-27T10:12:04+07:00"}
{"level":"info","msg":"[PGSQL CONN][Migrate] Auto Migrating Tables","time":"2026-02-27T10:12:04+07:00"}
{"level":"info","msg":"Application is running on development mode","time":"2026-02-27T10:12:07+07:00"}
{"level":"info","msg":"[PGSQL CONN][Migrate] Auto Migrating Tables","time":"2026-02-27T10:12:07+07:00"}
{"level":"info","msg":"Application is running on development mode","time":"2026-02-27T10:12:17+07:00"}
{"level":"info","msg":"[PGSQL CONN][Migrate] Auto Migrating Tables","time":"2026-02-27T10:12:17+07:00"}
{"level":"info","msg":"Application is running on development mode","time":"2026-02-27T10:12:20+07:00"}
{"level":"info","msg":"[PGSQL CONN][Migrate] Auto Migrating Tables","time":"2026-02-27T10:12:20+07:00"}
{"level":"info","msg":"Application is running on development mode","time":"2026-02-27T10:12:27+07:00"}
{"level":"info","msg":"[PGSQL CONN][Migrate] Auto Migrating Tables","time":"2026-02-27T10:12:27+07:00"}
{"level":"info","msg":"Application is running on development mode","time":"2026-02-27T10:12:41+07:00"}
{"level":"info","msg":"[PGSQL CONN][Migrate] Auto Migrating Tables","time":"2026-02-27T10:12:41+07:00"}
{"level":"info","msg":"Application is running on development mode","time":"2026-02-27T10:12:43+07:00"}
{"level":"info","msg":"[PGSQL CONN][Migrate] Auto Migrating Tables","time":"2026-02-27T10:12:43+07:00"}
{"level":"info","msg":"Application is running on development mode","time":"2026-02-27T10:12:49+07:00"}
{"level":"info","msg":"[PGSQL CONN][Migrate] Auto Migrating Tables","time":"2026-02-27T10:12:49+07:00"}
{"level":"info","msg":"Application is running on development mode","time":"2026-02-27T10:12:51+07:00"}
{"level":"info","msg":"[PGSQL CONN][Migrate] Auto Migrating Tables","time":"2026-02-27T10:12:51+07:00"}
{"level":"info","msg":"Application is running on development mode","time":"2026-02-27T10:12:55+07:00"}
{"level":"info","msg":"[PGSQL CONN][Migrate] Auto Migrating Tables","time":"2026-02-27T10:12:55+07:00"}
{"level":"info","msg":"Application is running on development mode","time":"2026-02-27T10:12:56+07:00"}
{"level":"info","msg":"[PGSQL CONN][Migrate] Auto Migrating Tables","time":"2026-02-27T10:12:56+07:00"}
{"level":"info","msg":"Application is running on development mode","time":"2026-02-27T10:13:03+07:00"}
{"level":"info","msg":"[PGSQL CONN][Migrate] Auto Migrating Tables","time":"2026-02-27T10:13:03+07:00"}
{"level":"info","msg":"Application is running on development mode","time":"2026-02-27T10:13:08+07:00"}
{"level":"info","msg":"[PGSQL CONN][Migrate] Auto Migrating Tables","time":"2026-02-27T10:13:08+07:00"}
{"level":"info","msg":"Application is running on development mode","time":"2026-02-27T10:13:15+07:00"}
{"level":"info","msg":"[PGSQL CONN][Migrate] Auto Migrating Tables","time":"2026-02-27T10:13:15+07:00"}
{"level":"info","msg":"Application is running on development mode","time":"2026-02-27T10:13:19+07:00"}
{"level":"info","msg":"[PGSQL CONN][Migrate] Auto Migrating Tables","time":"2026-02-27T10:13:19+07:00"}
{"level":"info","msg":"Application is running on development mode","time":"2026-02-27T10:13:23+07:00"}
{"level":"info","msg":"[PGSQL CONN][Migrate] Auto Migrating Tables","time":"2026-02-27T10:13:23+07:00"}
{"level":"info","msg":"Application is running on development mode","time":"2026-02-27T10:13:29+07:00"}
{"level":"info","msg":"[PGSQL CONN][Migrate] Auto Migrating Tables","time":"2026-02-27T10:13:29+07:00"}
{"level":"info","msg":"Application is running on development mode","time":"2026-02-27T10:13:37+07:00"}
{"level":"info","msg":"[PGSQL CONN][Migrate] Auto Migrating Tables","time":"2026-02-27T10:13:37+07:00"}
{"level":"info","msg":"Application is running on development mode","time":"2026-02-27T10:21:55+07:00"}
{"level":"info","msg":"[PGSQL CONN][Migrate] Auto Migrating Tables","time":"2026-02-27T10:21:55+07:00"}
{"level":"info","msg":"Application is running on development mode","time":"2026-02-27T10:22:07+07:00"}
{"level":"info","msg":"[PGSQL CONN][Migrate] Auto Migrating Tables","time":"2026-02-27T10:22:07+07:00"}
{"level":"info","msg":"Application is running on development mode","time":"2026-02-27T10:22:09+07:00"}
{"level":"info","msg":"[PGSQL CONN][Migrate] Auto Migrating Tables","time":"2026-02-27T10:22:09+07:00"}
{"level":"info","msg":"Application is running on development mode","time":"2026-02-27T10:22:11+07:00"}
{"level":"info","msg":"[PGSQL CONN][Migrate] Auto Migrating Tables","time":"2026-02-27T10:22:11+07:00"}
{"level":"info","msg":"Application is running on development mode","time":"2026-02-27T10:22:34+07:00"}
{"level":"info","msg":"[PGSQL CONN][Migrate] Auto Migrating Tables","time":"2026-02-27T10:22:34+07:00"}
{"level":"info","msg":"Application is running on development mode","time":"2026-02-27T10:22:36+07:00"}
{"level":"info","msg":"[PGSQL CONN][Migrate] Auto Migrating Tables","time":"2026-02-27T10:22:36+07:00"}
{"level":"info","msg":"Application is running on development mode","time":"2026-02-27T10:23:27+07:00"}
{"level":"info","msg":"[PGSQL CONN][Migrate] Auto Migrating Tables","time":"2026-02-27T10:23:27+07:00"}
{"level":"info","msg":"Application is running on development mode","time":"2026-02-27T10:23:30+07:00"}
{"level":"info","msg":"[PGSQL CONN][Migrate] Auto Migrating Tables","time":"2026-02-27T10:23:30+07:00"}
{"level":"info","msg":"Application is running on development mode","time":"2026-02-27T10:23:32+07:00"}
{"level":"info","msg":"[PGSQL CONN][Migrate] Auto Migrating Tables","time":"2026-02-27T10:23:32+07:00"}
{"level":"info","msg":"Application is running on development mode","time":"2026-02-27T10:28:22+07:00"}
{"level":"info","msg":"[PGSQL CONN][Migrate] Auto Migrating Tables","time":"2026-02-27T10:28:22+07:00"}
{"level":"info","msg":"Application is running on development mode","time":"2026-02-27T10:28:25+07:00"}
{"level":"info","msg":"[PGSQL CONN][Migrate] Auto Migrating Tables","time":"2026-02-27T10:28:25+07:00"}
{"level":"info","msg":"Application is running on development mode","time":"2026-02-27T10:28:25+07:00"}
{"level":"info","msg":"[PGSQL CONN][Migrate] Auto Migrating Tables","time":"2026-02-27T10:28:26+07:00"}
{"level":"info","msg":"Application is running on development mode","time":"2026-02-27T10:29:16+07:00"}
{"level":"info","msg":"[PGSQL CONN][Migrate] Auto Migrating Tables","time":"2026-02-27T10:29:16+07:00"}
{"level":"info","msg":"Application is running on development mode","time":"2026-02-27T10:29:21+07:00"}
{"level":"info","msg":"[PGSQL CONN][Migrate] Auto Migrating Tables","time":"2026-02-27T10:29:21+07:00"}
{"level":"info","msg":"Application is running on development mode","time":"2026-02-27T10:29:23+07:00"}
{"level":"info","msg":"[PGSQL CONN][Migrate] Auto Migrating Tables","time":"2026-02-27T10:29:23+07:00"}
{"level":"info","msg":"Application is running on development mode","time":"2026-02-27T10:29:29+07:00"}
{"level":"info","msg":"[PGSQL CONN][Migrate] Auto Migrating Tables","time":"2026-02-27T10:29:29+07:00"}
{"level":"info","msg":"Application is running on development mode","time":"2026-02-27T10:30:24+07:00"}
{"level":"info","msg":"[PGSQL CONN][Migrate] Auto Migrating Tables","time":"2026-02-27T10:30:24+07:00"}
{"level":"info","msg":"Application is running on development mode","time":"2026-02-27T10:30:28+07:00"}
{"level":"info","msg":"[PGSQL CONN][Migrate] Auto Migrating Tables","time":"2026-02-27T10:30:28+07:00"}
{"level":"info","msg":"Application is running on development mode","time":"2026-02-27T10:30:35+07:00"}
{"level":"info","msg":"[PGSQL CONN][Migrate] Auto Migrating Tables","time":"2026-02-27T10:30:35+07:00"}
{"level":"info","msg":"Application is running on development mode","time":"2026-02-27T10:30:46+07:00"}
{"level":"info","msg":"[PGSQL CONN][Migrate] Auto Migrating Tables","time":"2026-02-27T10:30:46+07:00"}
{"level":"info","msg":"Application is running on development mode","time":"2026-02-27T10:30:48+07:00"}
{"level":"info","msg":"[PGSQL CONN][Migrate] Auto Migrating Tables","time":"2026-02-27T10:30:48+07:00"}
{"level":"info","msg":"Application is running on development mode","time":"2026-02-27T10:31:00+07:00"}
{"level":"info","msg":"[PGSQL CONN][Migrate] Auto Migrating Tables","time":"2026-02-27T10:31:00+07:00"}
{"level":"info","msg":"Application is running on development mode","time":"2026-02-27T10:31:06+07:00"}
{"level":"info","msg":"[PGSQL CONN][Migrate] Auto Migrating Tables","time":"2026-02-27T10:31:06+07:00"}
{"level":"info","msg":"Application is running on development mode","time":"2026-02-27T10:37:39+07:00"}
{"level":"info","msg":"[PGSQL CONN][Migrate] Auto Migrating Tables","time":"2026-02-27T10:37:39+07:00"}
{"level":"info","msg":"Application is running on development mode","time":"2026-02-27T10:37:39+07:00"}
{"level":"info","msg":"[PGSQL CONN][Migrate] Auto Migrating Tables","time":"2026-02-27T10:37:39+07:00"}
