{"level":"info","msg":"Application is running on development mode","time":"2026-01-30T20:31:38+07:00"}
{"level":"info","msg":"[PGSQL CONN][Migrate] Auto Migrating Tables","time":"2026-01-30T20:31:38+07:00"}
{"level":"info","msg":"Application is running on production mode","time":"2026-01-30T20:35:35+07:00"}
{"level":"info","msg":"[PGSQL CONN][Migrate] Auto Migrating Tables","time":"2026-01-30T20:35:35+07:00"}
{"level":"info","msg":"Application is running on production mode","time":"2026-01-30T20:35:54+07:00"}
{"level":"info","msg":"[PGSQL CONN][Migrate] Auto Migrating Tables","time":"2026-01-30T20:35:54+07:00"}
{"level":"info","msg":"Application is running on production mode","time":"2026-01-30T20:36:36+07:00"}
{"level":"info","msg":"[PGSQL CONN][Migrate] Auto Migrating Tables","time":"2026-01-30T20:36:36+07:00"}
{"level":"info","msg":"Application is running on production mode","time":"2026-01-30T20:47:28+07:00"}
{"level":"info","msg":"Application is running on production mode","time":"2026-01-30T20:49:47+07:00"}
{"level":"info","msg":"Application is running on development mode","time":"2026-01-30T20:51:45+07:00"}
{"level":"info","msg":"[PGSQL CONN][Migrate] Dropping All Tables","time":"2026-01-30T20:51:45+07:00"}
{"level":"info","msg":"[PGSQL CONN][Migrate] Auto Migrating Tables","time":"2026-01-30T20:51:45+07:00"}
{"level":"info","msg":"Application is running on development mode","time":"2026-01-30T20:55:51+07:00"}
{"level":"info","msg":"[PGSQL CONN][Migrate] Auto Migrating Tables","time":"2026-01-30T20:55:51+07:00"}
{"level":"info","msg":"Application is running on development mode","time":"2026-01-30T21:01:35+07:00"}
{"level":"info","msg":"[PGSQL CONN][Migrate] Dropping All Tables","time":"2026-01-30T21:01:35+07:00"}
{"level":"info","msg":"[PGSQL CONN][Migrate] Auto Migrating Tables","time":"2026-01-30T21:01:35+07:00"}
{"level":"info","msg":"Application is running on development mode","time":"2026-01-30T22:33:32+07:00"}
{"level":"info","msg":"[PGSQL CONN][Migrate] Dropping All Tables","time":"2026-01-30T22:33:32+07:00"}
{"level":"info","msg":"[PGSQL CONN][Migrate] Auto Migrating Tables","time":"2026-01-30T22:33:32+07:00"}
{"level":"info","msg":"Application is running on development mode","time":"2026-01-30T22:41:04+07:00"}
{"level":"info","msg":"[PGSQL CONN][Migrate] Auto Migrating Tables","time":"2026-01-30T22:41:04+07:00"}
{"level":"info","msg":"Application is running on development mode","time":"2026-01-30T22:41:10+07:00"}
{"level":"info","msg":"[PGSQL CONN][Migrate] Dropping All Tables","time":"2026-01-30T22:41:11+07:00"}
{"level":"info","msg":"[PGSQL CONN][Migrate] Auto Migrating Tables","time":"2026-01-30T22:41:11+07:00"}
{"level":"info","msg":"Application is running on development mode","time":"2026-01-30T22:49:43+07:00"}
{"level":"info","msg":"[PGSQL CONN][Migrate] Auto Migrating Tables","time":"2026-01-30T22:49:43+07:00"}
{"level":"info","msg":"Application is running on development mode","time":"2026-01-30T22:50:07+07:00"}
{"level":"info","msg":"[PGSQL CONN][Migrate] Auto Migrating Tables","time":"2026-01-30T22:50:07+07:00"}
{"level":"info","msg":"Application is running on development mode","time":"2026-01-30T22:50:15+07:00"}
{"level":"info","msg":"[PGSQL CONN][Migrate] Auto Migrating Tables","time":"2026-01-30T22:50:15+07:00"}
{"level":"info","msg":"Application is running on development mode","time":"2026-01-30T22:53:36+07:00"}
{"level":"info","msg":"[PGSQL CONN][Migrate] Auto Migrating Tables","time":"2026-01-30T22:53:36+07:00"}
{"level":"info","msg":"Application is running on development mode","time":"2026-01-30T22:54:24+07:00"}
{"level":"info","msg":"[PGSQL CONN][Migrate] Auto Migrating Tables","time":"2026-01-30T22:54:24+07:00"}
{"level":"info","msg":"Application is running on development mode","time":"2026-01-30T22:55:00+07:00"}
{"level":"info","msg":"[PGSQL CONN][Migrate] Auto Migrating Tables","time":"2026-01-30T22:55:00+07:00"}
{"level":"info","msg":"Application is running on development mode","time":"2026-01-30T22:55:11+07:00"}
{"level":"info","msg":"[PGSQL CONN][Migrate] Auto Migrating Tables","time":"2026-01-30T22:55:11+07:00"}
{"level":"info","msg":"Application is running on development mode","time":"2026-01-30T22:55:27+07:00"}
{"level":"info","msg":"[PGSQL CONN][Migrate] Auto Migrating Tables","time":"2026-01-30T22:55:27+07:00"}
{"level":"info","msg":"Application is running on development mode","time":"2026-01-30T22:55:37+07:00"}
{"level":"info","msg":"[PGSQL CONN][Migrate] Auto Migrating Tables","time":"2026-01-30T22:55:37+07:00"}
{"level":"info","msg":"Application is running on development mode","time":"2026-01-30T23:01:55+07:00"}
{"level":"info","msg":"[PGSQL CONN][Migrate] Auto Migrating Tables","time":"2026-01-30T23:01:55+07:00"}
{"level":"info","msg":"Application is running on development mode","time":"2026-01-30T23:03:08+07:00"}
{"level":"info","msg":"[PGSQL CONN][Migrate] Auto Migrating Tables","time":"2026-01-30T23:03:08+07:00"}
{"level":"info","msg":"Application is running on development mode","time":"2026-01-30T23:10:44+07:00"}
{"level":"info","msg":"[PGSQL CONN][Migrate] Auto Migrating Tables","time":"2026-01-30T23:10:44+07:00"}
{"level":"info","msg":"Application is running on development mode","time":"2026-01-30T23:10:47+07:00"}
{"level":"info","msg":"[PGSQL CONN][Migrate] Auto Migrating Tables","time":"2026-01-30T23:10:47+07:00"}
{"level":"info","msg":"Application is running on development mode","time":"2026-01-30T23:14:32+07:00"}
{"level":"info","msg":"[PGSQL CONN][Migrate] Auto Migrating Tables","time":"2026-01-30T23:14:32+07:00"}
{"level":"info","msg":"Application is running on development mode","time":"2026-01-30T23:16:27+07:00"}
{"level":"info","msg":"[PGSQL CONN][Migrate] Auto Migrating Tables","time":"2026-01-30T23:16:27+07:00"}
{"level":"info","msg":"Application is running on development mode","time":"2026-01-30T23:23:02+07:00"}
{"level":"info","msg":"[PGSQL CONN][Migrate] Auto Migrating Tables","time":"2026-01-30T23:23:02+07:00"}
{"level":"info","msg":"Application is running on development mode","time":"2026-01-30T23:26:58+07:00"}
{"level":"info","msg":"[PGSQL CONN][Migrate] Auto Migrating Tables","time":"2026-01-30T23:26:58+07:00"}
{"error":"failed to get bearer token","level":"warning","msg":"[MIDDLEWARE][Authentication] failed to get bearer token","time":"2026-01-30T23:27:00+07:00"}
